{"$message_type":"diagnostic","message":"unresolved import `lambda_runtime::lambda`","code":{"code":"E0432","explanation":"An import was unresolved.\n\nErroneous code example:\n\n```compile_fail,E0432\nuse something::Foo; // error: unresolved import `something::Foo`.\n```\n\nIn Rust 2015, paths in `use` statements are relative to the crate root. To\nimport items relative to the current and parent modules, use the `self::` and\n`super::` prefixes, respectively.\n\nIn Rust 2018 or later, paths in `use` statements are relative to the current\nmodule unless they begin with the name of a crate or a literal `crate::`, in\nwhich case they start from the crate root. As in Rust 2015 code, the `self::`\nand `super::` prefixes refer to the current and parent modules respectively.\n\nAlso verify that you didn't misspell the import name and that the import exists\nin the module from where you tried to import it. Example:\n\n```\nuse self::something::Foo; // Ok.\n\nmod something {\n    pub struct Foo;\n}\n# fn main() {}\n```\n\nIf you tried to use a module from an external crate and are using Rust 2015,\nyou may have missed the `extern crate` declaration (which is usually placed in\nthe crate root):\n\n```edition2015\nextern crate core; // Required to use the `core` crate in Rust 2015.\n\nuse core::any;\n# fn main() {}\n```\n\nSince Rust 2018 the `extern crate` declaration is not required and\nyou can instead just `use` it:\n\n```edition2018\nuse core::any; // No extern crate required in Rust 2018.\n# fn main() {}\n```\n"},"level":"error","spans":[{"file_name":"src\\main.rs","byte_start":51,"byte_end":73,"line_start":2,"line_end":2,"column_start":5,"column_end":27,"is_primary":true,"text":[{"text":"use lambda_runtime::lambda;","highlight_start":5,"highlight_end":27}],"label":"no `lambda` in the root","suggested_replacement":null,"suggestion_applicability":null,"expansion":null}],"children":[],"rendered":"\u001b[0m\u001b[1m\u001b[38;5;9merror[E0432]\u001b[0m\u001b[0m\u001b[1m\u001b[38;5;15m: unresolved import `lambda_runtime::lambda`\u001b[0m\n\u001b[0m \u001b[0m\u001b[0m\u001b[1m\u001b[38;5;14m--> \u001b[0m\u001b[0msrc\\main.rs:2:5\u001b[0m\n\u001b[0m  \u001b[0m\u001b[0m\u001b[1m\u001b[38;5;14m|\u001b[0m\n\u001b[0m\u001b[1m\u001b[38;5;14m2\u001b[0m\u001b[0m \u001b[0m\u001b[0m\u001b[1m\u001b[38;5;14m|\u001b[0m\u001b[0m \u001b[0m\u001b[0muse lambda_runtime::lambda;\u001b[0m\n\u001b[0m  \u001b[0m\u001b[0m\u001b[1m\u001b[38;5;14m| \u001b[0m\u001b[0m    \u001b[0m\u001b[0m\u001b[1m\u001b[38;5;9m^^^^^^^^^^^^^^^^^^^^^^\u001b[0m\u001b[0m \u001b[0m\u001b[0m\u001b[1m\u001b[38;5;9mno `lambda` in the root\u001b[0m\n\n"}
{"$message_type":"diagnostic","message":"the value of the associated types `Error` and `Fut` in `Handler` must be specified","code":{"code":"E0191","explanation":"An associated type wasn't specified for a trait object.\n\nErroneous code example:\n\n```compile_fail,E0191\ntrait Trait {\n    type Bar;\n}\n\ntype Foo = dyn Trait; // error: the value of the associated type `Bar` (from\n                      //        the trait `Trait`) must be specified\n```\n\nTrait objects need to have all associated types specified. Please verify that\nall associated types of the trait were specified and the correct trait was used.\nExample:\n\n```\ntrait Trait {\n    type Bar;\n}\n\ntype Foo = dyn Trait<Bar=i32>; // ok!\n```\n"},"level":"error","spans":[{"file_name":"src\\main.rs","byte_start":385,"byte_end":392,"line_start":18,"line_end":18,"column_start":17,"column_end":24,"is_primary":true,"text":[{"text":"    lambda::run(Handler::from(my_handler)).await?;","highlight_start":17,"highlight_end":24}],"label":null,"suggested_replacement":null,"suggestion_applicability":null,"expansion":null}],"children":[{"message":"specify the associated types","code":null,"level":"help","spans":[{"file_name":"src\\main.rs","byte_start":385,"byte_end":392,"line_start":18,"line_end":18,"column_start":17,"column_end":24,"is_primary":true,"text":[{"text":"    lambda::run(Handler::from(my_handler)).await?;","highlight_start":17,"highlight_end":24}],"label":null,"suggested_replacement":"Handler<Error = Type, Fut = Type>","suggestion_applicability":"HasPlaceholders","expansion":null}],"children":[],"rendered":null}],"rendered":"\u001b[0m\u001b[1m\u001b[38;5;9merror[E0191]\u001b[0m\u001b[0m\u001b[1m\u001b[38;5;15m: the value of the associated types `Error` and `Fut` in `Handler` must be specified\u001b[0m\n\u001b[0m  \u001b[0m\u001b[0m\u001b[1m\u001b[38;5;14m--> \u001b[0m\u001b[0msrc\\main.rs:18:17\u001b[0m\n\u001b[0m   \u001b[0m\u001b[0m\u001b[1m\u001b[38;5;14m|\u001b[0m\n\u001b[0m\u001b[1m\u001b[38;5;14m18\u001b[0m\u001b[0m \u001b[0m\u001b[0m\u001b[1m\u001b[38;5;14m|\u001b[0m\u001b[0m \u001b[0m\u001b[0m    lambda::run(Handler::from(my_handler)).await?;\u001b[0m\n\u001b[0m   \u001b[0m\u001b[0m\u001b[1m\u001b[38;5;14m| \u001b[0m\u001b[0m                \u001b[0m\u001b[0m\u001b[1m\u001b[38;5;9m^^^^^^^\u001b[0m\u001b[0m \u001b[0m\u001b[0m\u001b[1m\u001b[38;5;9mhelp: specify the associated types: `Handler<Error = Type, Fut = Type>`\u001b[0m\n\n"}
{"$message_type":"diagnostic","message":"trait objects must include the `dyn` keyword","code":{"code":"E0782","explanation":"Trait objects must include the `dyn` keyword.\n\nErroneous code example:\n\n```edition2021,compile_fail,E0782\ntrait Foo {}\nfn test(arg: Box<Foo>) {} // error!\n```\n\nTrait objects are a way to call methods on types that are not known until\nruntime but conform to some trait.\n\nTrait objects should be formed with `Box<dyn Foo>`, but in the code above\n`dyn` is left off.\n\nThis makes it harder to see that `arg` is a trait object and not a\nsimply a heap allocated type called `Foo`.\n\nTo fix this issue, add `dyn` before the trait name.\n\n```edition2021\ntrait Foo {}\nfn test(arg: Box<dyn Foo>) {} // ok!\n```\n\nThis used to be allowed before edition 2021, but is now an error.\n"},"level":"error","spans":[{"file_name":"src\\main.rs","byte_start":385,"byte_end":392,"line_start":18,"line_end":18,"column_start":17,"column_end":24,"is_primary":true,"text":[{"text":"    lambda::run(Handler::from(my_handler)).await?;","highlight_start":17,"highlight_end":24}],"label":null,"suggested_replacement":null,"suggestion_applicability":null,"expansion":null}],"children":[{"message":"add `dyn` keyword before this trait","code":null,"level":"help","spans":[{"file_name":"src\\main.rs","byte_start":385,"byte_end":385,"line_start":18,"line_end":18,"column_start":17,"column_end":17,"is_primary":true,"text":[{"text":"    lambda::run(Handler::from(my_handler)).await?;","highlight_start":17,"highlight_end":17}],"label":null,"suggested_replacement":"<dyn ","suggestion_applicability":"MachineApplicable","expansion":null},{"file_name":"src\\main.rs","byte_start":392,"byte_end":392,"line_start":18,"line_end":18,"column_start":24,"column_end":24,"is_primary":true,"text":[{"text":"    lambda::run(Handler::from(my_handler)).await?;","highlight_start":24,"highlight_end":24}],"label":null,"suggested_replacement":">","suggestion_applicability":"MachineApplicable","expansion":null}],"children":[],"rendered":null}],"rendered":"\u001b[0m\u001b[1m\u001b[38;5;9merror[E0782]\u001b[0m\u001b[0m\u001b[1m\u001b[38;5;15m: trait objects must include the `dyn` keyword\u001b[0m\n\u001b[0m  \u001b[0m\u001b[0m\u001b[1m\u001b[38;5;14m--> \u001b[0m\u001b[0msrc\\main.rs:18:17\u001b[0m\n\u001b[0m   \u001b[0m\u001b[0m\u001b[1m\u001b[38;5;14m|\u001b[0m\n\u001b[0m\u001b[1m\u001b[38;5;14m18\u001b[0m\u001b[0m \u001b[0m\u001b[0m\u001b[1m\u001b[38;5;14m|\u001b[0m\u001b[0m \u001b[0m\u001b[0m    lambda::run(Handler::from(my_handler)).await?;\u001b[0m\n\u001b[0m   \u001b[0m\u001b[0m\u001b[1m\u001b[38;5;14m| \u001b[0m\u001b[0m                \u001b[0m\u001b[0m\u001b[1m\u001b[38;5;9m^^^^^^^\u001b[0m\n\u001b[0m   \u001b[0m\u001b[0m\u001b[1m\u001b[38;5;14m|\u001b[0m\n\u001b[0m\u001b[1m\u001b[38;5;14mhelp\u001b[0m\u001b[0m: add `dyn` keyword before this trait\u001b[0m\n\u001b[0m   \u001b[0m\u001b[0m\u001b[1m\u001b[38;5;14m|\u001b[0m\n\u001b[0m\u001b[1m\u001b[38;5;14m18\u001b[0m\u001b[0m \u001b[0m\u001b[0m\u001b[1m\u001b[38;5;14m| \u001b[0m\u001b[0m    lambda::run(\u001b[0m\u001b[0m\u001b[38;5;10m<dyn \u001b[0m\u001b[0mHandler\u001b[0m\u001b[0m\u001b[38;5;10m>\u001b[0m\u001b[0m::from(my_handler)).await?;\u001b[0m\n\u001b[0m   \u001b[0m\u001b[0m\u001b[1m\u001b[38;5;14m|\u001b[0m\u001b[0m                 \u001b[0m\u001b[0m\u001b[38;5;10m++++\u001b[0m\u001b[0m        \u001b[0m\u001b[0m\u001b[38;5;10m+\u001b[0m\n\n"}
{"$message_type":"diagnostic","message":"the size for values of type `dyn Handler<_, _>` cannot be known at compilation time","code":{"code":"E0277","explanation":"You tried to use a type which doesn't implement some trait in a place which\nexpected that trait.\n\nErroneous code example:\n\n```compile_fail,E0277\n// here we declare the Foo trait with a bar method\ntrait Foo {\n    fn bar(&self);\n}\n\n// we now declare a function which takes an object implementing the Foo trait\nfn some_func<T: Foo>(foo: T) {\n    foo.bar();\n}\n\nfn main() {\n    // we now call the method with the i32 type, which doesn't implement\n    // the Foo trait\n    some_func(5i32); // error: the trait bound `i32 : Foo` is not satisfied\n}\n```\n\nIn order to fix this error, verify that the type you're using does implement\nthe trait. Example:\n\n```\ntrait Foo {\n    fn bar(&self);\n}\n\n// we implement the trait on the i32 type\nimpl Foo for i32 {\n    fn bar(&self) {}\n}\n\nfn some_func<T: Foo>(foo: T) {\n    foo.bar(); // we can now use this method since i32 implements the\n               // Foo trait\n}\n\nfn main() {\n    some_func(5i32); // ok!\n}\n```\n\nOr in a generic context, an erroneous code example would look like:\n\n```compile_fail,E0277\nfn some_func<T>(foo: T) {\n    println!(\"{:?}\", foo); // error: the trait `core::fmt::Debug` is not\n                           //        implemented for the type `T`\n}\n\nfn main() {\n    // We now call the method with the i32 type,\n    // which *does* implement the Debug trait.\n    some_func(5i32);\n}\n```\n\nNote that the error here is in the definition of the generic function. Although\nwe only call it with a parameter that does implement `Debug`, the compiler\nstill rejects the function. It must work with all possible input types. In\norder to make this example compile, we need to restrict the generic type we're\naccepting:\n\n```\nuse std::fmt;\n\n// Restrict the input type to types that implement Debug.\nfn some_func<T: fmt::Debug>(foo: T) {\n    println!(\"{:?}\", foo);\n}\n\nfn main() {\n    // Calling the method is still fine, as i32 implements Debug.\n    some_func(5i32);\n\n    // This would fail to compile now:\n    // struct WithoutDebug;\n    // some_func(WithoutDebug);\n}\n```\n\nRust only looks at the signature of the called function, as such it must\nalready specify all requirements that will be used for every type parameter.\n"},"level":"error","spans":[{"file_name":"src\\main.rs","byte_start":385,"byte_end":392,"line_start":18,"line_end":18,"column_start":17,"column_end":24,"is_primary":true,"text":[{"text":"    lambda::run(Handler::from(my_handler)).await?;","highlight_start":17,"highlight_end":24}],"label":"doesn't have a size known at compile-time","suggested_replacement":null,"suggestion_applicability":null,"expansion":null}],"children":[{"message":"the trait `Sized` is not implemented for `dyn Handler<_, _>`","code":null,"level":"help","spans":[],"children":[],"rendered":null},{"message":"required by a bound in `std::convert::From::from`","code":null,"level":"note","spans":[{"file_name":"/rustc/07dca489ac2d933c78d3c5158e3f43beefeb02ce\\library\\core\\src\\convert\\mod.rs","byte_start":22672,"byte_end":22698,"line_start":584,"line_end":584,"column_start":5,"column_end":31,"is_primary":true,"text":[],"label":null,"suggested_replacement":null,"suggestion_applicability":null,"expansion":null}],"children":[],"rendered":null}],"rendered":"\u001b[0m\u001b[1m\u001b[38;5;9merror[E0277]\u001b[0m\u001b[0m\u001b[1m\u001b[38;5;15m: the size for values of type `dyn Handler<_, _>` cannot be known at compilation time\u001b[0m\n\u001b[0m  \u001b[0m\u001b[0m\u001b[1m\u001b[38;5;14m--> \u001b[0m\u001b[0msrc\\main.rs:18:17\u001b[0m\n\u001b[0m   \u001b[0m\u001b[0m\u001b[1m\u001b[38;5;14m|\u001b[0m\n\u001b[0m\u001b[1m\u001b[38;5;14m18\u001b[0m\u001b[0m \u001b[0m\u001b[0m\u001b[1m\u001b[38;5;14m|\u001b[0m\u001b[0m \u001b[0m\u001b[0m    lambda::run(Handler::from(my_handler)).await?;\u001b[0m\n\u001b[0m   \u001b[0m\u001b[0m\u001b[1m\u001b[38;5;14m| \u001b[0m\u001b[0m                \u001b[0m\u001b[0m\u001b[1m\u001b[38;5;9m^^^^^^^\u001b[0m\u001b[0m \u001b[0m\u001b[0m\u001b[1m\u001b[38;5;9mdoesn't have a size known at compile-time\u001b[0m\n\u001b[0m   \u001b[0m\u001b[0m\u001b[1m\u001b[38;5;14m|\u001b[0m\n\u001b[0m   \u001b[0m\u001b[0m\u001b[1m\u001b[38;5;14m= \u001b[0m\u001b[0m\u001b[1m\u001b[38;5;15mhelp\u001b[0m\u001b[0m: the trait `Sized` is not implemented for `dyn Handler<_, _>`\u001b[0m\n\u001b[0m\u001b[1m\u001b[38;5;10mnote\u001b[0m\u001b[0m: required by a bound in `std::convert::From::from`\u001b[0m\n\u001b[0m  \u001b[0m\u001b[0m\u001b[1m\u001b[38;5;14m--> \u001b[0m\u001b[0m/rustc/07dca489ac2d933c78d3c5158e3f43beefeb02ce\\library\\core\\src\\convert\\mod.rs:584:5\u001b[0m\n\n"}
{"$message_type":"diagnostic","message":"the size for values of type `dyn Handler<_, _>` cannot be known at compilation time","code":{"code":"E0277","explanation":"You tried to use a type which doesn't implement some trait in a place which\nexpected that trait.\n\nErroneous code example:\n\n```compile_fail,E0277\n// here we declare the Foo trait with a bar method\ntrait Foo {\n    fn bar(&self);\n}\n\n// we now declare a function which takes an object implementing the Foo trait\nfn some_func<T: Foo>(foo: T) {\n    foo.bar();\n}\n\nfn main() {\n    // we now call the method with the i32 type, which doesn't implement\n    // the Foo trait\n    some_func(5i32); // error: the trait bound `i32 : Foo` is not satisfied\n}\n```\n\nIn order to fix this error, verify that the type you're using does implement\nthe trait. Example:\n\n```\ntrait Foo {\n    fn bar(&self);\n}\n\n// we implement the trait on the i32 type\nimpl Foo for i32 {\n    fn bar(&self) {}\n}\n\nfn some_func<T: Foo>(foo: T) {\n    foo.bar(); // we can now use this method since i32 implements the\n               // Foo trait\n}\n\nfn main() {\n    some_func(5i32); // ok!\n}\n```\n\nOr in a generic context, an erroneous code example would look like:\n\n```compile_fail,E0277\nfn some_func<T>(foo: T) {\n    println!(\"{:?}\", foo); // error: the trait `core::fmt::Debug` is not\n                           //        implemented for the type `T`\n}\n\nfn main() {\n    // We now call the method with the i32 type,\n    // which *does* implement the Debug trait.\n    some_func(5i32);\n}\n```\n\nNote that the error here is in the definition of the generic function. Although\nwe only call it with a parameter that does implement `Debug`, the compiler\nstill rejects the function. It must work with all possible input types. In\norder to make this example compile, we need to restrict the generic type we're\naccepting:\n\n```\nuse std::fmt;\n\n// Restrict the input type to types that implement Debug.\nfn some_func<T: fmt::Debug>(foo: T) {\n    println!(\"{:?}\", foo);\n}\n\nfn main() {\n    // Calling the method is still fine, as i32 implements Debug.\n    some_func(5i32);\n\n    // This would fail to compile now:\n    // struct WithoutDebug;\n    // some_func(WithoutDebug);\n}\n```\n\nRust only looks at the signature of the called function, as such it must\nalready specify all requirements that will be used for every type parameter.\n"},"level":"error","spans":[{"file_name":"src\\main.rs","byte_start":399,"byte_end":409,"line_start":18,"line_end":18,"column_start":31,"column_end":41,"is_primary":true,"text":[{"text":"    lambda::run(Handler::from(my_handler)).await?;","highlight_start":31,"highlight_end":41}],"label":"doesn't have a size known at compile-time","suggested_replacement":null,"suggestion_applicability":null,"expansion":null},{"file_name":"src\\main.rs","byte_start":385,"byte_end":398,"line_start":18,"line_end":18,"column_start":17,"column_end":30,"is_primary":false,"text":[{"text":"    lambda::run(Handler::from(my_handler)).await?;","highlight_start":17,"highlight_end":30}],"label":"required by a bound introduced by this call","suggested_replacement":null,"suggestion_applicability":null,"expansion":null}],"children":[{"message":"the trait `Sized` is not implemented for `dyn Handler<_, _>`","code":null,"level":"help","spans":[],"children":[],"rendered":null},{"message":"required by a bound in `std::convert::From::from`","code":null,"level":"note","spans":[{"file_name":"/rustc/07dca489ac2d933c78d3c5158e3f43beefeb02ce\\library\\core\\src\\convert\\mod.rs","byte_start":22672,"byte_end":22698,"line_start":584,"line_end":584,"column_start":5,"column_end":31,"is_primary":true,"text":[],"label":null,"suggested_replacement":null,"suggestion_applicability":null,"expansion":null}],"children":[],"rendered":null}],"rendered":"\u001b[0m\u001b[1m\u001b[38;5;9merror[E0277]\u001b[0m\u001b[0m\u001b[1m\u001b[38;5;15m: the size for values of type `dyn Handler<_, _>` cannot be known at compilation time\u001b[0m\n\u001b[0m  \u001b[0m\u001b[0m\u001b[1m\u001b[38;5;14m--> \u001b[0m\u001b[0msrc\\main.rs:18:31\u001b[0m\n\u001b[0m   \u001b[0m\u001b[0m\u001b[1m\u001b[38;5;14m|\u001b[0m\n\u001b[0m\u001b[1m\u001b[38;5;14m18\u001b[0m\u001b[0m \u001b[0m\u001b[0m\u001b[1m\u001b[38;5;14m|\u001b[0m\u001b[0m \u001b[0m\u001b[0m    lambda::run(Handler::from(my_handler)).await?;\u001b[0m\n\u001b[0m   \u001b[0m\u001b[0m\u001b[1m\u001b[38;5;14m| \u001b[0m\u001b[0m                \u001b[0m\u001b[0m\u001b[1m\u001b[38;5;14m-------------\u001b[0m\u001b[0m \u001b[0m\u001b[0m\u001b[1m\u001b[38;5;9m^^^^^^^^^^\u001b[0m\u001b[0m \u001b[0m\u001b[0m\u001b[1m\u001b[38;5;9mdoesn't have a size known at compile-time\u001b[0m\n\u001b[0m   \u001b[0m\u001b[0m\u001b[1m\u001b[38;5;14m| \u001b[0m\u001b[0m                \u001b[0m\u001b[0m\u001b[1m\u001b[38;5;14m|\u001b[0m\n\u001b[0m   \u001b[0m\u001b[0m\u001b[1m\u001b[38;5;14m| \u001b[0m\u001b[0m                \u001b[0m\u001b[0m\u001b[1m\u001b[38;5;14mrequired by a bound introduced by this call\u001b[0m\n\u001b[0m   \u001b[0m\u001b[0m\u001b[1m\u001b[38;5;14m|\u001b[0m\n\u001b[0m   \u001b[0m\u001b[0m\u001b[1m\u001b[38;5;14m= \u001b[0m\u001b[0m\u001b[1m\u001b[38;5;15mhelp\u001b[0m\u001b[0m: the trait `Sized` is not implemented for `dyn Handler<_, _>`\u001b[0m\n\u001b[0m\u001b[1m\u001b[38;5;10mnote\u001b[0m\u001b[0m: required by a bound in `std::convert::From::from`\u001b[0m\n\u001b[0m  \u001b[0m\u001b[0m\u001b[1m\u001b[38;5;14m--> \u001b[0m\u001b[0m/rustc/07dca489ac2d933c78d3c5158e3f43beefeb02ce\\library\\core\\src\\convert\\mod.rs:584:5\u001b[0m\n\n"}
{"$message_type":"diagnostic","message":"mismatched types","code":{"code":"E0308","explanation":"Expected type did not match the received type.\n\nErroneous code examples:\n\n```compile_fail,E0308\nfn plus_one(x: i32) -> i32 {\n    x + 1\n}\n\nplus_one(\"Not a number\");\n//       ^^^^^^^^^^^^^^ expected `i32`, found `&str`\n\nif \"Not a bool\" {\n// ^^^^^^^^^^^^ expected `bool`, found `&str`\n}\n\nlet x: f32 = \"Not a float\";\n//     ---   ^^^^^^^^^^^^^ expected `f32`, found `&str`\n//     |\n//     expected due to this\n```\n\nThis error occurs when an expression was used in a place where the compiler\nexpected an expression of a different type. It can occur in several cases, the\nmost common being when calling a function and passing an argument which has a\ndifferent type than the matching type in the function declaration.\n"},"level":"error","spans":[{"file_name":"src\\main.rs","byte_start":399,"byte_end":409,"line_start":18,"line_end":18,"column_start":31,"column_end":41,"is_primary":true,"text":[{"text":"    lambda::run(Handler::from(my_handler)).await?;","highlight_start":31,"highlight_end":41}],"label":"expected `dyn Handler`, found fn item","suggested_replacement":null,"suggestion_applicability":null,"expansion":null},{"file_name":"src\\main.rs","byte_start":385,"byte_end":398,"line_start":18,"line_end":18,"column_start":17,"column_end":30,"is_primary":false,"text":[{"text":"    lambda::run(Handler::from(my_handler)).await?;","highlight_start":17,"highlight_end":30}],"label":"arguments to this function are incorrect","suggested_replacement":null,"suggestion_applicability":null,"expansion":null}],"children":[{"message":"expected trait object `dyn Handler<_, _>`\n        found fn item `fn(CustomEvent, Context) -> ... {my_handler}`","code":null,"level":"note","spans":[],"children":[],"rendered":null},{"message":"the full type name has been written to 'C:\\Users\\divya\\OneDrive\\Documents\\Duke\\MIDS\\Semester 2\\Cloud\\ds655_ids721_miniproject02\\my_lambda_function\\target\\debug\\deps\\my_lambda_function.long-type-13165990701932536709.txt'","code":null,"level":"note","spans":[],"children":[],"rendered":null},{"message":"associated function defined here","code":null,"level":"note","spans":[{"file_name":"/rustc/07dca489ac2d933c78d3c5158e3f43beefeb02ce\\library\\core\\src\\convert\\mod.rs","byte_start":22675,"byte_end":22679,"line_start":584,"line_end":584,"column_start":8,"column_end":12,"is_primary":true,"text":[],"label":null,"suggested_replacement":null,"suggestion_applicability":null,"expansion":null}],"children":[],"rendered":null}],"rendered":"\u001b[0m\u001b[1m\u001b[38;5;9merror[E0308]\u001b[0m\u001b[0m\u001b[1m\u001b[38;5;15m: mismatched types\u001b[0m\n\u001b[0m  \u001b[0m\u001b[0m\u001b[1m\u001b[38;5;14m--> \u001b[0m\u001b[0msrc\\main.rs:18:31\u001b[0m\n\u001b[0m   \u001b[0m\u001b[0m\u001b[1m\u001b[38;5;14m|\u001b[0m\n\u001b[0m\u001b[1m\u001b[38;5;14m18\u001b[0m\u001b[0m \u001b[0m\u001b[0m\u001b[1m\u001b[38;5;14m|\u001b[0m\u001b[0m \u001b[0m\u001b[0m    lambda::run(Handler::from(my_handler)).await?;\u001b[0m\n\u001b[0m   \u001b[0m\u001b[0m\u001b[1m\u001b[38;5;14m| \u001b[0m\u001b[0m                \u001b[0m\u001b[0m\u001b[1m\u001b[38;5;14m-------------\u001b[0m\u001b[0m \u001b[0m\u001b[0m\u001b[1m\u001b[38;5;9m^^^^^^^^^^\u001b[0m\u001b[0m \u001b[0m\u001b[0m\u001b[1m\u001b[38;5;9mexpected `dyn Handler`, found fn item\u001b[0m\n\u001b[0m   \u001b[0m\u001b[0m\u001b[1m\u001b[38;5;14m| \u001b[0m\u001b[0m                \u001b[0m\u001b[0m\u001b[1m\u001b[38;5;14m|\u001b[0m\n\u001b[0m   \u001b[0m\u001b[0m\u001b[1m\u001b[38;5;14m| \u001b[0m\u001b[0m                \u001b[0m\u001b[0m\u001b[1m\u001b[38;5;14marguments to this function are incorrect\u001b[0m\n\u001b[0m   \u001b[0m\u001b[0m\u001b[1m\u001b[38;5;14m|\u001b[0m\n\u001b[0m   \u001b[0m\u001b[0m\u001b[1m\u001b[38;5;14m= \u001b[0m\u001b[0m\u001b[1m\u001b[38;5;15mnote\u001b[0m\u001b[0m: expected trait object `\u001b[0m\u001b[0m\u001b[1m\u001b[35mdyn Handler<_, _>\u001b[0m\u001b[0m`\u001b[0m\n\u001b[0m                   found fn item `\u001b[0m\u001b[0m\u001b[1m\u001b[35mfn(CustomEvent, Context) -> ... {my_handler}\u001b[0m\u001b[0m`\u001b[0m\n\u001b[0m   \u001b[0m\u001b[0m\u001b[1m\u001b[38;5;14m= \u001b[0m\u001b[0m\u001b[1m\u001b[38;5;15mnote\u001b[0m\u001b[0m: the full type name has been written to 'C:\\Users\\divya\\OneDrive\\Documents\\Duke\\MIDS\\Semester 2\\Cloud\\ds655_ids721_miniproject02\\my_lambda_function\\target\\debug\\deps\\my_lambda_function.long-type-13165990701932536709.txt'\u001b[0m\n\u001b[0m\u001b[1m\u001b[38;5;10mnote\u001b[0m\u001b[0m: associated function defined here\u001b[0m\n\u001b[0m  \u001b[0m\u001b[0m\u001b[1m\u001b[38;5;14m--> \u001b[0m\u001b[0m/rustc/07dca489ac2d933c78d3c5158e3f43beefeb02ce\\library\\core\\src\\convert\\mod.rs:584:8\u001b[0m\n\n"}
{"$message_type":"diagnostic","message":"aborting due to 6 previous errors","code":null,"level":"error","spans":[],"children":[],"rendered":"\u001b[0m\u001b[1m\u001b[38;5;9merror\u001b[0m\u001b[0m\u001b[1m\u001b[38;5;15m: aborting due to 6 previous errors\u001b[0m\n\n"}
{"$message_type":"diagnostic","message":"Some errors have detailed explanations: E0191, E0277, E0308, E0432, E0782.","code":null,"level":"failure-note","spans":[],"children":[],"rendered":"\u001b[0m\u001b[1m\u001b[38;5;15mSome errors have detailed explanations: E0191, E0277, E0308, E0432, E0782.\u001b[0m\n"}
{"$message_type":"diagnostic","message":"For more information about an error, try `rustc --explain E0191`.","code":null,"level":"failure-note","spans":[],"children":[],"rendered":"\u001b[0m\u001b[1m\u001b[38;5;15mFor more information about an error, try `rustc --explain E0191`.\u001b[0m\n"}
